<?xml version="1.0" encoding="UTF-8"?>
<testsuite xmlns:xsi="http://www.w3.org/2001/XMLSchema-instance" xsi:noNamespaceSchemaLocation="https://maven.apache.org/surefire/maven-surefire-plugin/xsd/surefire-test-report.xsd" version="3.0.2" name="com.example.sparkfafkademo.SparkkafkademoApplicationTests" time="6.18" tests="1" errors="0" skipped="0" failures="0">
  <properties>
[...]
</properties>
  <testcase name="contextLoads" classname="com.example.sparkfafkademo.SparkkafkademoApplicationTests" time="1.296">
    <system-out><![CDATA[
  .   ____          _            __ _ _
 /\\ / ___'_ __ _ _(_)_ __  __ _ \ \ \ \
( ( )\___ | '_ | '_| | '_ \/ _` | \ \ \ \
 \\/  ___)| |_)| | | | | || (_| |  ) ) ) )
  '  |____| .__|_| |_|_| |_\__, | / / / /
 =========|_|==============|___/=/_/_/_/

 :: Spring Boot ::                (v3.5.7)

2025-11-19T14:27:54.006+05:30  INFO 15112 --- [sparkkafkademo] [           main] c.e.s.SparkkafkademoApplicationTests     : Starting SparkkafkademoApplicationTests using Java 21.0.7 with PID 15112 (started by syska in D:\Training\Sutherland MindMap\STS WS\sparkkafkademo)
2025-11-19T14:27:54.017+05:30  INFO 15112 --- [sparkkafkademo] [           main] c.e.s.SparkkafkademoApplicationTests     : No active profile set, falling back to 1 default profile: "default"
2025-11-19T14:27:56.037+05:30  INFO 15112 --- [sparkkafkademo] [           main] o.s.v.b.OptionalValidatorFactoryBean     : Failed to set up a Bean Validation provider: jakarta.validation.NoProviderFoundException: Unable to create a Configuration, because no Jakarta Bean Validation provider could be found. Add a provider like Hibernate Validator (RI) to your classpath.
2025-11-19T14:27:56.798+05:30  INFO 15112 --- [sparkkafkademo] [           main] c.e.s.SparkkafkademoApplicationTests     : Started SparkkafkademoApplicationTests in 3.551 seconds (process running for 5.884)
2025-11-19T14:27:57.051+05:30  INFO 15112 --- [sparkkafkademo] [       Thread-2] o.a.s.SparkContext                       : Running Spark version 4.0.1
2025-11-19T14:27:57.058+05:30  INFO 15112 --- [sparkkafkademo] [       Thread-2] o.a.s.SparkContext                       : OS info Windows 11, 10.0, amd64
2025-11-19T14:27:57.060+05:30  INFO 15112 --- [sparkkafkademo] [       Thread-2] o.a.s.SparkContext                       : Java version 21.0.7
2025-11-19T14:27:57.398+05:30  INFO 15112 --- [sparkkafkademo] [       Thread-2] o.a.s.r.ResourceUtils                    : ==============================================================
2025-11-19T14:27:57.399+05:30  INFO 15112 --- [sparkkafkademo] [       Thread-2] o.a.s.r.ResourceUtils                    : No custom resources configured for spark.driver.
2025-11-19T14:27:57.400+05:30  INFO 15112 --- [sparkkafkademo] [       Thread-2] o.a.s.r.ResourceUtils                    : ==============================================================
2025-11-19T14:27:57.400+05:30  INFO 15112 --- [sparkkafkademo] [       Thread-2] o.a.s.SparkContext                       : Submitted application: SpringBootSparkStreaming
2025-11-19T14:27:57.459+05:30  INFO 15112 --- [sparkkafkademo] [       Thread-2] o.a.s.r.ResourceProfile                  : Default ResourceProfile created, executor resources: Map(cores -> name: cores, amount: 1, script: , vendor: , memory -> name: memory, amount: 1024, script: , vendor: , offHeap -> name: offHeap, amount: 0, script: , vendor: ), task resources: Map(cpus -> name: cpus, amount: 1.0)
2025-11-19T14:27:57.468+05:30  INFO 15112 --- [sparkkafkademo] [       Thread-2] o.a.s.r.ResourceProfile                  : Limiting resource is cpu
2025-11-19T14:27:57.475+05:30  INFO 15112 --- [sparkkafkademo] [       Thread-2] o.a.s.r.ResourceProfileManager           : Added ResourceProfile id: 0
2025-11-19T14:27:57.610+05:30  INFO 15112 --- [sparkkafkademo] [       Thread-2] o.a.s.SecurityManager                    : Changing view acls to: syska
2025-11-19T14:27:57.612+05:30  INFO 15112 --- [sparkkafkademo] [       Thread-2] o.a.s.SecurityManager                    : Changing modify acls to: syska
2025-11-19T14:27:57.615+05:30  INFO 15112 --- [sparkkafkademo] [       Thread-2] o.a.s.SecurityManager                    : Changing view acls groups to: syska
2025-11-19T14:27:57.616+05:30  INFO 15112 --- [sparkkafkademo] [       Thread-2] o.a.s.SecurityManager                    : Changing modify acls groups to: syska
2025-11-19T14:27:57.619+05:30  INFO 15112 --- [sparkkafkademo] [       Thread-2] o.a.s.SecurityManager                    : SecurityManager: authentication disabled; ui acls disabled; users with view permissions: syska groups with view permissions: EMPTY; users with modify permissions: syska; groups with modify permissions: EMPTY; RPC SSL disabled
]]></system-out>
    <system-err><![CDATA[Mockito is currently self-attaching to enable the inline-mock-maker. This will no longer work in future releases of the JDK. Please add Mockito as an agent to your build as described in Mockito's documentation: https://javadoc.io/doc/org.mockito/mockito-core/latest/org.mockito/org/mockito/Mockito.html#0.3
WARNING: A Java agent has been loaded dynamically (C:\Users\syska\.m2\repository\net\bytebuddy\byte-buddy-agent\1.17.8\byte-buddy-agent-1.17.8.jar)
WARNING: If a serviceability tool is in use, please run with -XX:+EnableDynamicAgentLoading to hide this warning
WARNING: If a serviceability tool is not in use, please run with -Djdk.instrument.traceUsage for more information
WARNING: Dynamic loading of agents will be disallowed by default in a future release
]]></system-err>
  </testcase>
</testsuite>